  [1m[36m (28.2ms)[0m  [1mCREATE TABLE `schema_migrations` (`version` varchar(255) NOT NULL) ENGINE=InnoDB[0m
  [1m[35m (13.1ms)[0m  CREATE UNIQUE INDEX `unique_schema_migrations`  ON `schema_migrations` (`version`) 
  [1m[36mActiveRecord::SchemaMigration Load (0.5ms)[0m  [1mSELECT `schema_migrations`.* FROM `schema_migrations`[0m
Migrating to DeviseCreateUsers (20161114202632)
  [1m[35m (28.5ms)[0m  CREATE TABLE `users` (`id` int(11) auto_increment PRIMARY KEY, `email` varchar(255) DEFAULT '' NOT NULL, `encrypted_password` varchar(255) DEFAULT '' NOT NULL, `reset_password_token` varchar(255), `reset_password_sent_at` datetime, `remember_created_at` datetime, `sign_in_count` int(11) DEFAULT 0 NOT NULL, `current_sign_in_at` datetime, `last_sign_in_at` datetime, `current_sign_in_ip` varchar(255), `last_sign_in_ip` varchar(255), `created_at` datetime NOT NULL, `updated_at` datetime NOT NULL) ENGINE=InnoDB
  [1m[36m (4.7ms)[0m  [1mCREATE UNIQUE INDEX `index_users_on_email`  ON `users` (`email`) [0m
  [1m[35m (4.5ms)[0m  CREATE UNIQUE INDEX `index_users_on_reset_password_token`  ON `users` (`reset_password_token`) 
  [1m[36m (0.2ms)[0m  [1mBEGIN[0m
  [1m[35mSQL (24.9ms)[0m  INSERT INTO `schema_migrations` (`version`) VALUES ('20161114202632')
  [1m[36m (0.5ms)[0m  [1mCOMMIT[0m
Migrating to DeviseCreateAdmins (20161114202643)
  [1m[35m (25.5ms)[0m  CREATE TABLE `admins` (`id` int(11) auto_increment PRIMARY KEY, `email` varchar(255) DEFAULT '' NOT NULL, `encrypted_password` varchar(255) DEFAULT '' NOT NULL, `reset_password_token` varchar(255), `reset_password_sent_at` datetime, `remember_created_at` datetime, `sign_in_count` int(11) DEFAULT 0 NOT NULL, `current_sign_in_at` datetime, `last_sign_in_at` datetime, `current_sign_in_ip` varchar(255), `last_sign_in_ip` varchar(255), `created_at` datetime NOT NULL, `updated_at` datetime NOT NULL) ENGINE=InnoDB
  [1m[36m (5.8ms)[0m  [1mCREATE UNIQUE INDEX `index_admins_on_email`  ON `admins` (`email`) [0m
  [1m[35m (4.0ms)[0m  CREATE UNIQUE INDEX `index_admins_on_reset_password_token`  ON `admins` (`reset_password_token`) 
  [1m[36m (0.1ms)[0m  [1mBEGIN[0m
  [1m[35mSQL (0.2ms)[0m  INSERT INTO `schema_migrations` (`version`) VALUES ('20161114202643')
  [1m[36m (0.5ms)[0m  [1mCOMMIT[0m
  [1m[35mActiveRecord::SchemaMigration Load (0.2ms)[0m  SELECT `schema_migrations`.* FROM `schema_migrations`
  [1m[36m (24.2ms)[0m  [1mSELECT fk.referenced_table_name as 'to_table'
      ,fk.referenced_column_name as 'primary_key'
      ,fk.column_name as 'column'
      ,fk.constraint_name as 'name'
FROM information_schema.key_column_usage fk
WHERE fk.referenced_column_name is not null
  AND fk.table_schema = 'pamma_dev'
  AND fk.table_name = 'admins'
[0m
  [1m[35m (0.3ms)[0m  SHOW CREATE TABLE `admins`
  [1m[36m (0.3ms)[0m  [1mSELECT fk.referenced_table_name as 'to_table'
      ,fk.referenced_column_name as 'primary_key'
      ,fk.column_name as 'column'
      ,fk.constraint_name as 'name'
FROM information_schema.key_column_usage fk
WHERE fk.referenced_column_name is not null
  AND fk.table_schema = 'pamma_dev'
  AND fk.table_name = 'users'
[0m
  [1m[35m (0.5ms)[0m  SHOW CREATE TABLE `users`
  [1m[36mActiveRecord::SchemaMigration Load (0.4ms)[0m  [1mSELECT `schema_migrations`.* FROM `schema_migrations`[0m


Started GET "/" for 127.0.0.1 at 2016-11-14 18:23:16 -0300
  [1m[36mActiveRecord::SchemaMigration Load (0.4ms)[0m  [1mSELECT `schema_migrations`.* FROM `schema_migrations`[0m
Processing by Devise::SessionsController#new as HTML
[Devise] Could not find devise mapping for path "/".
This may happen for two reasons:

1) You forgot to wrap your route inside the scope block. For example:

  devise_scope :user do
    get "/some/route" => "some_devise_controller"
  end

2) You are testing a Devise controller bypassing the router.
   If so, you can explicitly tell Devise which mapping to use:

   @request.env["devise.mapping"] = Devise.mappings[:user]


Completed 404 Not Found in 1ms (ActiveRecord: 0.0ms)

AbstractController::ActionNotFound (Could not find devise mapping for path "/".
This may happen for two reasons:

1) You forgot to wrap your route inside the scope block. For example:

  devise_scope :user do
    get "/some/route" => "some_devise_controller"
  end

2) You are testing a Devise controller bypassing the router.
   If so, you can explicitly tell Devise which mapping to use:

   @request.env["devise.mapping"] = Devise.mappings[:user]

):
  devise (4.2.0) app/controllers/devise_controller.rb:88:in `unknown_action!'
  devise (4.2.0) app/controllers/devise_controller.rb:63:in `assert_is_devise_resource!'
  devise (4.2.0) app/controllers/devise_controller.rb:101:in `require_no_authentication'
  activesupport (4.2.7) lib/active_support/callbacks.rb:432:in `block in make_lambda'
  activesupport (4.2.7) lib/active_support/callbacks.rb:145:in `block in halting_and_conditional'
  activesupport (4.2.7) lib/active_support/callbacks.rb:504:in `block in call'
  activesupport (4.2.7) lib/active_support/callbacks.rb:504:in `each'
  activesupport (4.2.7) lib/active_support/callbacks.rb:504:in `call'
  activesupport (4.2.7) lib/active_support/callbacks.rb:92:in `__run_callbacks__'
  activesupport (4.2.7) lib/active_support/callbacks.rb:778:in `_run_process_action_callbacks'
  activesupport (4.2.7) lib/active_support/callbacks.rb:81:in `run_callbacks'
  actionpack (4.2.7) lib/abstract_controller/callbacks.rb:19:in `process_action'
  actionpack (4.2.7) lib/action_controller/metal/rescue.rb:29:in `process_action'
  actionpack (4.2.7) lib/action_controller/metal/instrumentation.rb:32:in `block in process_action'
  activesupport (4.2.7) lib/active_support/notifications.rb:164:in `block in instrument'
  activesupport (4.2.7) lib/active_support/notifications/instrumenter.rb:20:in `instrument'
  activesupport (4.2.7) lib/active_support/notifications.rb:164:in `instrument'
  actionpack (4.2.7) lib/action_controller/metal/instrumentation.rb:30:in `process_action'
  actionpack (4.2.7) lib/action_controller/metal/params_wrapper.rb:250:in `process_action'
  activerecord (4.2.7) lib/active_record/railties/controller_runtime.rb:18:in `process_action'
  actionpack (4.2.7) lib/abstract_controller/base.rb:137:in `process'
  actionview (4.2.7) lib/action_view/rendering.rb:30:in `process'
  actionpack (4.2.7) lib/action_controller/metal.rb:196:in `dispatch'
  actionpack (4.2.7) lib/action_controller/metal/rack_delegation.rb:13:in `dispatch'
  actionpack (4.2.7) lib/action_controller/metal.rb:237:in `block in action'
  actionpack (4.2.7) lib/action_dispatch/routing/route_set.rb:74:in `dispatch'
  actionpack (4.2.7) lib/action_dispatch/routing/route_set.rb:43:in `serve'
  actionpack (4.2.7) lib/action_dispatch/journey/router.rb:43:in `block in serve'
  actionpack (4.2.7) lib/action_dispatch/journey/router.rb:30:in `each'
  actionpack (4.2.7) lib/action_dispatch/journey/router.rb:30:in `serve'
  actionpack (4.2.7) lib/action_dispatch/routing/route_set.rb:817:in `call'
  warden (1.2.6) lib/warden/manager.rb:35:in `block in call'
  warden (1.2.6) lib/warden/manager.rb:34:in `catch'
  warden (1.2.6) lib/warden/manager.rb:34:in `call'
  rack (1.6.4) lib/rack/etag.rb:24:in `call'
  rack (1.6.4) lib/rack/conditionalget.rb:25:in `call'
  rack (1.6.4) lib/rack/head.rb:13:in `call'
  actionpack (4.2.7) lib/action_dispatch/middleware/params_parser.rb:27:in `call'
  actionpack (4.2.7) lib/action_dispatch/middleware/flash.rb:260:in `call'
  rack (1.6.4) lib/rack/session/abstract/id.rb:225:in `context'
  rack (1.6.4) lib/rack/session/abstract/id.rb:220:in `call'
  actionpack (4.2.7) lib/action_dispatch/middleware/cookies.rb:560:in `call'
  activerecord (4.2.7) lib/active_record/query_cache.rb:36:in `call'
  activerecord (4.2.7) lib/active_record/connection_adapters/abstract/connection_pool.rb:653:in `call'
  activerecord (4.2.7) lib/active_record/migration.rb:377:in `call'
  actionpack (4.2.7) lib/action_dispatch/middleware/callbacks.rb:29:in `block in call'
  activesupport (4.2.7) lib/active_support/callbacks.rb:88:in `__run_callbacks__'
  activesupport (4.2.7) lib/active_support/callbacks.rb:778:in `_run_call_callbacks'
  activesupport (4.2.7) lib/active_support/callbacks.rb:81:in `run_callbacks'
  actionpack (4.2.7) lib/action_dispatch/middleware/callbacks.rb:27:in `call'
  actionpack (4.2.7) lib/action_dispatch/middleware/reloader.rb:73:in `call'
  actionpack (4.2.7) lib/action_dispatch/middleware/remote_ip.rb:78:in `call'
  actionpack (4.2.7) lib/action_dispatch/middleware/debug_exceptions.rb:17:in `call'
  web-console (2.3.0) lib/web_console/middleware.rb:28:in `block in call'
  web-console (2.3.0) lib/web_console/middleware.rb:18:in `catch'
  web-console (2.3.0) lib/web_console/middleware.rb:18:in `call'
  actionpack (4.2.7) lib/action_dispatch/middleware/show_exceptions.rb:30:in `call'
  railties (4.2.7) lib/rails/rack/logger.rb:38:in `call_app'
  railties (4.2.7) lib/rails/rack/logger.rb:20:in `block in call'
  activesupport (4.2.7) lib/active_support/tagged_logging.rb:68:in `block in tagged'
  activesupport (4.2.7) lib/active_support/tagged_logging.rb:26:in `tagged'
  activesupport (4.2.7) lib/active_support/tagged_logging.rb:68:in `tagged'
  railties (4.2.7) lib/rails/rack/logger.rb:20:in `call'
  actionpack (4.2.7) lib/action_dispatch/middleware/request_id.rb:21:in `call'
  rack (1.6.4) lib/rack/methodoverride.rb:22:in `call'
  rack (1.6.4) lib/rack/runtime.rb:18:in `call'
  activesupport (4.2.7) lib/active_support/cache/strategy/local_cache_middleware.rb:28:in `call'
  rack (1.6.4) lib/rack/lock.rb:17:in `call'
  actionpack (4.2.7) lib/action_dispatch/middleware/static.rb:120:in `call'
  rack (1.6.4) lib/rack/sendfile.rb:113:in `call'
  railties (4.2.7) lib/rails/engine.rb:518:in `call'
  railties (4.2.7) lib/rails/application.rb:165:in `call'
  rack (1.6.4) lib/rack/lock.rb:17:in `call'
  rack (1.6.4) lib/rack/content_length.rb:15:in `call'
  rack (1.6.4) lib/rack/handler/webrick.rb:88:in `service'
  /Users/AEpnea/.rvm/rubies/ruby-2.3.0/lib/ruby/2.3.0/webrick/httpserver.rb:140:in `service'
  /Users/AEpnea/.rvm/rubies/ruby-2.3.0/lib/ruby/2.3.0/webrick/httpserver.rb:96:in `run'
  /Users/AEpnea/.rvm/rubies/ruby-2.3.0/lib/ruby/2.3.0/webrick/server.rb:296:in `block in start_thread'


  Rendered /Users/AEpnea/.rvm/gems/ruby-2.3.0/gems/actionpack-4.2.7/lib/action_dispatch/middleware/templates/rescues/unknown_action.html.erb within rescues/layout (1.9ms)
  Rendered /Users/AEpnea/.rvm/gems/ruby-2.3.0/gems/web-console-2.3.0/lib/web_console/templates/_markup.html.erb (0.5ms)
  Rendered /Users/AEpnea/.rvm/gems/ruby-2.3.0/gems/web-console-2.3.0/lib/web_console/templates/_inner_console_markup.html.erb within layouts/inlined_string (0.4ms)
  Rendered /Users/AEpnea/.rvm/gems/ruby-2.3.0/gems/web-console-2.3.0/lib/web_console/templates/_prompt_box_markup.html.erb within layouts/inlined_string (0.4ms)
  Rendered /Users/AEpnea/.rvm/gems/ruby-2.3.0/gems/web-console-2.3.0/lib/web_console/templates/style.css.erb within layouts/inlined_string (0.4ms)
  Rendered /Users/AEpnea/.rvm/gems/ruby-2.3.0/gems/web-console-2.3.0/lib/web_console/templates/console.js.erb within layouts/javascript (77.2ms)
  Rendered /Users/AEpnea/.rvm/gems/ruby-2.3.0/gems/web-console-2.3.0/lib/web_console/templates/main.js.erb within layouts/javascript (0.4ms)
  Rendered /Users/AEpnea/.rvm/gems/ruby-2.3.0/gems/web-console-2.3.0/lib/web_console/templates/error_page.js.erb within layouts/javascript (0.5ms)
  Rendered /Users/AEpnea/.rvm/gems/ruby-2.3.0/gems/web-console-2.3.0/lib/web_console/templates/index.html.erb (167.5ms)


Started GET "/apple-touch-icon-precomposed.png" for 127.0.0.1 at 2016-11-14 18:23:17 -0300

ActionController::RoutingError (No route matches [GET] "/apple-touch-icon-precomposed.png"):
  actionpack (4.2.7) lib/action_dispatch/middleware/debug_exceptions.rb:21:in `call'
  web-console (2.3.0) lib/web_console/middleware.rb:28:in `block in call'
  web-console (2.3.0) lib/web_console/middleware.rb:18:in `catch'
  web-console (2.3.0) lib/web_console/middleware.rb:18:in `call'
  actionpack (4.2.7) lib/action_dispatch/middleware/show_exceptions.rb:30:in `call'
  railties (4.2.7) lib/rails/rack/logger.rb:38:in `call_app'
  railties (4.2.7) lib/rails/rack/logger.rb:20:in `block in call'
  activesupport (4.2.7) lib/active_support/tagged_logging.rb:68:in `block in tagged'
  activesupport (4.2.7) lib/active_support/tagged_logging.rb:26:in `tagged'
  activesupport (4.2.7) lib/active_support/tagged_logging.rb:68:in `tagged'
  railties (4.2.7) lib/rails/rack/logger.rb:20:in `call'
  actionpack (4.2.7) lib/action_dispatch/middleware/request_id.rb:21:in `call'
  rack (1.6.4) lib/rack/methodoverride.rb:22:in `call'
  rack (1.6.4) lib/rack/runtime.rb:18:in `call'
  activesupport (4.2.7) lib/active_support/cache/strategy/local_cache_middleware.rb:28:in `call'
  rack (1.6.4) lib/rack/lock.rb:17:in `call'
  actionpack (4.2.7) lib/action_dispatch/middleware/static.rb:120:in `call'
  rack (1.6.4) lib/rack/sendfile.rb:113:in `call'
  railties (4.2.7) lib/rails/engine.rb:518:in `call'
  railties (4.2.7) lib/rails/application.rb:165:in `call'
  rack (1.6.4) lib/rack/lock.rb:17:in `call'
  rack (1.6.4) lib/rack/content_length.rb:15:in `call'
  rack (1.6.4) lib/rack/handler/webrick.rb:88:in `service'
  /Users/AEpnea/.rvm/rubies/ruby-2.3.0/lib/ruby/2.3.0/webrick/httpserver.rb:140:in `service'
  /Users/AEpnea/.rvm/rubies/ruby-2.3.0/lib/ruby/2.3.0/webrick/httpserver.rb:96:in `run'
  /Users/AEpnea/.rvm/rubies/ruby-2.3.0/lib/ruby/2.3.0/webrick/server.rb:296:in `block in start_thread'


  Rendered /Users/AEpnea/.rvm/gems/ruby-2.3.0/gems/actionpack-4.2.7/lib/action_dispatch/middleware/templates/rescues/_trace.html.erb (1.7ms)
  Rendered /Users/AEpnea/.rvm/gems/ruby-2.3.0/gems/actionpack-4.2.7/lib/action_dispatch/middleware/templates/routes/_route.html.erb (2.9ms)
  Rendered /Users/AEpnea/.rvm/gems/ruby-2.3.0/gems/actionpack-4.2.7/lib/action_dispatch/middleware/templates/routes/_table.html.erb (14.9ms)
  Rendered /Users/AEpnea/.rvm/gems/ruby-2.3.0/gems/actionpack-4.2.7/lib/action_dispatch/middleware/templates/rescues/_request_and_response.html.erb (15.2ms)
  Rendered /Users/AEpnea/.rvm/gems/ruby-2.3.0/gems/actionpack-4.2.7/lib/action_dispatch/middleware/templates/rescues/routing_error.html.erb within rescues/layout (127.0ms)
  Rendered /Users/AEpnea/.rvm/gems/ruby-2.3.0/gems/web-console-2.3.0/lib/web_console/templates/_markup.html.erb (0.5ms)
  Rendered /Users/AEpnea/.rvm/gems/ruby-2.3.0/gems/web-console-2.3.0/lib/web_console/templates/_inner_console_markup.html.erb within layouts/inlined_string (0.3ms)
  Rendered /Users/AEpnea/.rvm/gems/ruby-2.3.0/gems/web-console-2.3.0/lib/web_console/templates/_prompt_box_markup.html.erb within layouts/inlined_string (0.4ms)
  Rendered /Users/AEpnea/.rvm/gems/ruby-2.3.0/gems/web-console-2.3.0/lib/web_console/templates/style.css.erb within layouts/inlined_string (0.6ms)
  Rendered /Users/AEpnea/.rvm/gems/ruby-2.3.0/gems/web-console-2.3.0/lib/web_console/templates/console.js.erb within layouts/javascript (59.3ms)
  Rendered /Users/AEpnea/.rvm/gems/ruby-2.3.0/gems/web-console-2.3.0/lib/web_console/templates/main.js.erb within layouts/javascript (0.4ms)
  Rendered /Users/AEpnea/.rvm/gems/ruby-2.3.0/gems/web-console-2.3.0/lib/web_console/templates/error_page.js.erb within layouts/javascript (0.4ms)
  Rendered /Users/AEpnea/.rvm/gems/ruby-2.3.0/gems/web-console-2.3.0/lib/web_console/templates/index.html.erb (126.7ms)


Started GET "/apple-touch-icon.png" for 127.0.0.1 at 2016-11-14 18:23:17 -0300

ActionController::RoutingError (No route matches [GET] "/apple-touch-icon.png"):
  actionpack (4.2.7) lib/action_dispatch/middleware/debug_exceptions.rb:21:in `call'
  web-console (2.3.0) lib/web_console/middleware.rb:28:in `block in call'
  web-console (2.3.0) lib/web_console/middleware.rb:18:in `catch'
  web-console (2.3.0) lib/web_console/middleware.rb:18:in `call'
  actionpack (4.2.7) lib/action_dispatch/middleware/show_exceptions.rb:30:in `call'
  railties (4.2.7) lib/rails/rack/logger.rb:38:in `call_app'
  railties (4.2.7) lib/rails/rack/logger.rb:20:in `block in call'
  activesupport (4.2.7) lib/active_support/tagged_logging.rb:68:in `block in tagged'
  activesupport (4.2.7) lib/active_support/tagged_logging.rb:26:in `tagged'
  activesupport (4.2.7) lib/active_support/tagged_logging.rb:68:in `tagged'
  railties (4.2.7) lib/rails/rack/logger.rb:20:in `call'
  actionpack (4.2.7) lib/action_dispatch/middleware/request_id.rb:21:in `call'
  rack (1.6.4) lib/rack/methodoverride.rb:22:in `call'
  rack (1.6.4) lib/rack/runtime.rb:18:in `call'
  activesupport (4.2.7) lib/active_support/cache/strategy/local_cache_middleware.rb:28:in `call'
  rack (1.6.4) lib/rack/lock.rb:17:in `call'
  actionpack (4.2.7) lib/action_dispatch/middleware/static.rb:120:in `call'
  rack (1.6.4) lib/rack/sendfile.rb:113:in `call'
  railties (4.2.7) lib/rails/engine.rb:518:in `call'
  railties (4.2.7) lib/rails/application.rb:165:in `call'
  rack (1.6.4) lib/rack/lock.rb:17:in `call'
  rack (1.6.4) lib/rack/content_length.rb:15:in `call'
  rack (1.6.4) lib/rack/handler/webrick.rb:88:in `service'
  /Users/AEpnea/.rvm/rubies/ruby-2.3.0/lib/ruby/2.3.0/webrick/httpserver.rb:140:in `service'
  /Users/AEpnea/.rvm/rubies/ruby-2.3.0/lib/ruby/2.3.0/webrick/httpserver.rb:96:in `run'
  /Users/AEpnea/.rvm/rubies/ruby-2.3.0/lib/ruby/2.3.0/webrick/server.rb:296:in `block in start_thread'


  Rendered /Users/AEpnea/.rvm/gems/ruby-2.3.0/gems/actionpack-4.2.7/lib/action_dispatch/middleware/templates/rescues/_trace.html.erb (1.5ms)
  Rendered /Users/AEpnea/.rvm/gems/ruby-2.3.0/gems/actionpack-4.2.7/lib/action_dispatch/middleware/templates/routes/_route.html.erb (2.4ms)
  Rendered /Users/AEpnea/.rvm/gems/ruby-2.3.0/gems/actionpack-4.2.7/lib/action_dispatch/middleware/templates/routes/_table.html.erb (1.4ms)
  Rendered /Users/AEpnea/.rvm/gems/ruby-2.3.0/gems/actionpack-4.2.7/lib/action_dispatch/middleware/templates/rescues/_request_and_response.html.erb (1.2ms)
  Rendered /Users/AEpnea/.rvm/gems/ruby-2.3.0/gems/actionpack-4.2.7/lib/action_dispatch/middleware/templates/rescues/routing_error.html.erb within rescues/layout (86.9ms)
  Rendered /Users/AEpnea/.rvm/gems/ruby-2.3.0/gems/web-console-2.3.0/lib/web_console/templates/_markup.html.erb (0.4ms)
  Rendered /Users/AEpnea/.rvm/gems/ruby-2.3.0/gems/web-console-2.3.0/lib/web_console/templates/_inner_console_markup.html.erb within layouts/inlined_string (0.4ms)
  Rendered /Users/AEpnea/.rvm/gems/ruby-2.3.0/gems/web-console-2.3.0/lib/web_console/templates/_prompt_box_markup.html.erb within layouts/inlined_string (0.8ms)
  Rendered /Users/AEpnea/.rvm/gems/ruby-2.3.0/gems/web-console-2.3.0/lib/web_console/templates/style.css.erb within layouts/inlined_string (0.5ms)
  Rendered /Users/AEpnea/.rvm/gems/ruby-2.3.0/gems/web-console-2.3.0/lib/web_console/templates/console.js.erb within layouts/javascript (58.9ms)
  Rendered /Users/AEpnea/.rvm/gems/ruby-2.3.0/gems/web-console-2.3.0/lib/web_console/templates/main.js.erb within layouts/javascript (0.3ms)
  Rendered /Users/AEpnea/.rvm/gems/ruby-2.3.0/gems/web-console-2.3.0/lib/web_console/templates/error_page.js.erb within layouts/javascript (0.5ms)
  Rendered /Users/AEpnea/.rvm/gems/ruby-2.3.0/gems/web-console-2.3.0/lib/web_console/templates/index.html.erb (127.5ms)


Started GET "/" for 127.0.0.1 at 2016-11-14 18:29:18 -0300
  [1m[36mActiveRecord::SchemaMigration Load (0.3ms)[0m  [1mSELECT `schema_migrations`.* FROM `schema_migrations`[0m
Processing by Devise::SessionsController#create as HTML
[Devise] Could not find devise mapping for path "/".
This may happen for two reasons:

1) You forgot to wrap your route inside the scope block. For example:

  devise_scope :user do
    get "/some/route" => "some_devise_controller"
  end

2) You are testing a Devise controller bypassing the router.
   If so, you can explicitly tell Devise which mapping to use:

   @request.env["devise.mapping"] = Devise.mappings[:user]


Completed 404 Not Found in 1ms (ActiveRecord: 0.0ms)

AbstractController::ActionNotFound (Could not find devise mapping for path "/".
This may happen for two reasons:

1) You forgot to wrap your route inside the scope block. For example:

  devise_scope :user do
    get "/some/route" => "some_devise_controller"
  end

2) You are testing a Devise controller bypassing the router.
   If so, you can explicitly tell Devise which mapping to use:

   @request.env["devise.mapping"] = Devise.mappings[:user]

):
  devise (4.2.0) app/controllers/devise_controller.rb:88:in `unknown_action!'
  devise (4.2.0) app/controllers/devise_controller.rb:63:in `assert_is_devise_resource!'
  devise (4.2.0) app/controllers/devise_controller.rb:101:in `require_no_authentication'
  activesupport (4.2.7) lib/active_support/callbacks.rb:432:in `block in make_lambda'
  activesupport (4.2.7) lib/active_support/callbacks.rb:145:in `block in halting_and_conditional'
  activesupport (4.2.7) lib/active_support/callbacks.rb:504:in `block in call'
  activesupport (4.2.7) lib/active_support/callbacks.rb:504:in `each'
  activesupport (4.2.7) lib/active_support/callbacks.rb:504:in `call'
  activesupport (4.2.7) lib/active_support/callbacks.rb:92:in `__run_callbacks__'
  activesupport (4.2.7) lib/active_support/callbacks.rb:778:in `_run_process_action_callbacks'
  activesupport (4.2.7) lib/active_support/callbacks.rb:81:in `run_callbacks'
  actionpack (4.2.7) lib/abstract_controller/callbacks.rb:19:in `process_action'
  actionpack (4.2.7) lib/action_controller/metal/rescue.rb:29:in `process_action'
  actionpack (4.2.7) lib/action_controller/metal/instrumentation.rb:32:in `block in process_action'
  activesupport (4.2.7) lib/active_support/notifications.rb:164:in `block in instrument'
  activesupport (4.2.7) lib/active_support/notifications/instrumenter.rb:20:in `instrument'
  activesupport (4.2.7) lib/active_support/notifications.rb:164:in `instrument'
  actionpack (4.2.7) lib/action_controller/metal/instrumentation.rb:30:in `process_action'
  actionpack (4.2.7) lib/action_controller/metal/params_wrapper.rb:250:in `process_action'
  activerecord (4.2.7) lib/active_record/railties/controller_runtime.rb:18:in `process_action'
  actionpack (4.2.7) lib/abstract_controller/base.rb:137:in `process'
  actionview (4.2.7) lib/action_view/rendering.rb:30:in `process'
  actionpack (4.2.7) lib/action_controller/metal.rb:196:in `dispatch'
  actionpack (4.2.7) lib/action_controller/metal/rack_delegation.rb:13:in `dispatch'
  actionpack (4.2.7) lib/action_controller/metal.rb:237:in `block in action'
  actionpack (4.2.7) lib/action_dispatch/routing/route_set.rb:74:in `dispatch'
  actionpack (4.2.7) lib/action_dispatch/routing/route_set.rb:43:in `serve'
  actionpack (4.2.7) lib/action_dispatch/journey/router.rb:43:in `block in serve'
  actionpack (4.2.7) lib/action_dispatch/journey/router.rb:30:in `each'
  actionpack (4.2.7) lib/action_dispatch/journey/router.rb:30:in `serve'
  actionpack (4.2.7) lib/action_dispatch/routing/route_set.rb:817:in `call'
  warden (1.2.6) lib/warden/manager.rb:35:in `block in call'
  warden (1.2.6) lib/warden/manager.rb:34:in `catch'
  warden (1.2.6) lib/warden/manager.rb:34:in `call'
  rack (1.6.4) lib/rack/etag.rb:24:in `call'
  rack (1.6.4) lib/rack/conditionalget.rb:25:in `call'
  rack (1.6.4) lib/rack/head.rb:13:in `call'
  actionpack (4.2.7) lib/action_dispatch/middleware/params_parser.rb:27:in `call'
  actionpack (4.2.7) lib/action_dispatch/middleware/flash.rb:260:in `call'
  rack (1.6.4) lib/rack/session/abstract/id.rb:225:in `context'
  rack (1.6.4) lib/rack/session/abstract/id.rb:220:in `call'
  actionpack (4.2.7) lib/action_dispatch/middleware/cookies.rb:560:in `call'
  activerecord (4.2.7) lib/active_record/query_cache.rb:36:in `call'
  activerecord (4.2.7) lib/active_record/connection_adapters/abstract/connection_pool.rb:653:in `call'
  activerecord (4.2.7) lib/active_record/migration.rb:377:in `call'
  actionpack (4.2.7) lib/action_dispatch/middleware/callbacks.rb:29:in `block in call'
  activesupport (4.2.7) lib/active_support/callbacks.rb:88:in `__run_callbacks__'
  activesupport (4.2.7) lib/active_support/callbacks.rb:778:in `_run_call_callbacks'
  activesupport (4.2.7) lib/active_support/callbacks.rb:81:in `run_callbacks'
  actionpack (4.2.7) lib/action_dispatch/middleware/callbacks.rb:27:in `call'
  actionpack (4.2.7) lib/action_dispatch/middleware/reloader.rb:73:in `call'
  actionpack (4.2.7) lib/action_dispatch/middleware/remote_ip.rb:78:in `call'
  actionpack (4.2.7) lib/action_dispatch/middleware/debug_exceptions.rb:17:in `call'
  web-console (2.3.0) lib/web_console/middleware.rb:28:in `block in call'
  web-console (2.3.0) lib/web_console/middleware.rb:18:in `catch'
  web-console (2.3.0) lib/web_console/middleware.rb:18:in `call'
  actionpack (4.2.7) lib/action_dispatch/middleware/show_exceptions.rb:30:in `call'
  railties (4.2.7) lib/rails/rack/logger.rb:38:in `call_app'
  railties (4.2.7) lib/rails/rack/logger.rb:20:in `block in call'
  activesupport (4.2.7) lib/active_support/tagged_logging.rb:68:in `block in tagged'
  activesupport (4.2.7) lib/active_support/tagged_logging.rb:26:in `tagged'
  activesupport (4.2.7) lib/active_support/tagged_logging.rb:68:in `tagged'
  railties (4.2.7) lib/rails/rack/logger.rb:20:in `call'
  actionpack (4.2.7) lib/action_dispatch/middleware/request_id.rb:21:in `call'
  rack (1.6.4) lib/rack/methodoverride.rb:22:in `call'
  rack (1.6.4) lib/rack/runtime.rb:18:in `call'
  activesupport (4.2.7) lib/active_support/cache/strategy/local_cache_middleware.rb:28:in `call'
  rack (1.6.4) lib/rack/lock.rb:17:in `call'
  actionpack (4.2.7) lib/action_dispatch/middleware/static.rb:120:in `call'
  rack (1.6.4) lib/rack/sendfile.rb:113:in `call'
  railties (4.2.7) lib/rails/engine.rb:518:in `call'
  railties (4.2.7) lib/rails/application.rb:165:in `call'
  rack (1.6.4) lib/rack/lock.rb:17:in `call'
  rack (1.6.4) lib/rack/content_length.rb:15:in `call'
  rack (1.6.4) lib/rack/handler/webrick.rb:88:in `service'
  /Users/AEpnea/.rvm/rubies/ruby-2.3.0/lib/ruby/2.3.0/webrick/httpserver.rb:140:in `service'
  /Users/AEpnea/.rvm/rubies/ruby-2.3.0/lib/ruby/2.3.0/webrick/httpserver.rb:96:in `run'
  /Users/AEpnea/.rvm/rubies/ruby-2.3.0/lib/ruby/2.3.0/webrick/server.rb:296:in `block in start_thread'


  Rendered /Users/AEpnea/.rvm/gems/ruby-2.3.0/gems/actionpack-4.2.7/lib/action_dispatch/middleware/templates/rescues/unknown_action.html.erb within rescues/layout (2.0ms)
  Rendered /Users/AEpnea/.rvm/gems/ruby-2.3.0/gems/web-console-2.3.0/lib/web_console/templates/_markup.html.erb (0.5ms)
  Rendered /Users/AEpnea/.rvm/gems/ruby-2.3.0/gems/web-console-2.3.0/lib/web_console/templates/_inner_console_markup.html.erb within layouts/inlined_string (0.6ms)
  Rendered /Users/AEpnea/.rvm/gems/ruby-2.3.0/gems/web-console-2.3.0/lib/web_console/templates/_prompt_box_markup.html.erb within layouts/inlined_string (0.4ms)
  Rendered /Users/AEpnea/.rvm/gems/ruby-2.3.0/gems/web-console-2.3.0/lib/web_console/templates/style.css.erb within layouts/inlined_string (0.3ms)
  Rendered /Users/AEpnea/.rvm/gems/ruby-2.3.0/gems/web-console-2.3.0/lib/web_console/templates/console.js.erb within layouts/javascript (70.3ms)
  Rendered /Users/AEpnea/.rvm/gems/ruby-2.3.0/gems/web-console-2.3.0/lib/web_console/templates/main.js.erb within layouts/javascript (0.4ms)
  Rendered /Users/AEpnea/.rvm/gems/ruby-2.3.0/gems/web-console-2.3.0/lib/web_console/templates/error_page.js.erb within layouts/javascript (0.4ms)
  Rendered /Users/AEpnea/.rvm/gems/ruby-2.3.0/gems/web-console-2.3.0/lib/web_console/templates/index.html.erb (146.5ms)


Started GET "/" for 127.0.0.1 at 2016-11-14 18:31:47 -0300
  [1m[36mActiveRecord::SchemaMigration Load (0.3ms)[0m  [1mSELECT `schema_migrations`.* FROM `schema_migrations`[0m
Processing by Rails::WelcomeController#index as HTML
  Rendered /Users/AEpnea/.rvm/gems/ruby-2.3.0/gems/railties-4.2.7/lib/rails/templates/rails/welcome/index.html.erb (2.1ms)
Completed 200 OK in 22ms (Views: 12.9ms | ActiveRecord: 0.0ms)


Started GET "/login" for 127.0.0.1 at 2016-11-14 18:31:48 -0300
Processing by Devise::SessionsController#new as HTML
  Rendered /Users/AEpnea/.rvm/gems/ruby-2.3.0/gems/devise-4.2.0/app/views/devise/shared/_links.html.erb (1.2ms)
  Rendered /Users/AEpnea/.rvm/gems/ruby-2.3.0/gems/devise-4.2.0/app/views/devise/sessions/new.html.erb within layouts/application (35.2ms)
Completed 200 OK in 482ms (Views: 463.9ms | ActiveRecord: 1.3ms)


Started GET "/assets/application.self-e80e8f2318043e8af94dddc2adad5a4f09739a8ebb323b3ab31cd71d45fd9113.css?body=1" for 127.0.0.1 at 2016-11-14 18:31:49 -0300


Started GET "/assets/application.self-3b8dabdc891efe46b9a144b400ad69e37d7e5876bdc39dee783419a69d7ca819.js?body=1" for 127.0.0.1 at 2016-11-14 18:31:49 -0300


Started GET "/assets/jquery_ujs.self-784a997f6726036b1993eb2217c9cb558e1cbb801c6da88105588c56f13b466a.js?body=1" for 127.0.0.1 at 2016-11-14 18:31:49 -0300


Started GET "/assets/jquery.self-bd7ddd393353a8d2480a622e80342adf488fb6006d667e8b42e4c0073393abee.js?body=1" for 127.0.0.1 at 2016-11-14 18:31:49 -0300


Started GET "/login" for 127.0.0.1 at 2016-11-14 18:48:10 -0300
  [1m[36mActiveRecord::SchemaMigration Load (0.3ms)[0m  [1mSELECT `schema_migrations`.* FROM `schema_migrations`[0m
Processing by Devise::SessionsController#new as HTML
  Rendered /Users/AEpnea/.rvm/gems/ruby-2.3.0/gems/devise-4.2.0/app/views/devise/shared/_links.html.erb (1.3ms)
  Rendered /Users/AEpnea/.rvm/gems/ruby-2.3.0/gems/devise-4.2.0/app/views/devise/sessions/new.html.erb within layouts/application (33.4ms)
Completed 200 OK in 342ms (Views: 314.7ms | ActiveRecord: 1.2ms)


Started GET "/assets/application.self-e80e8f2318043e8af94dddc2adad5a4f09739a8ebb323b3ab31cd71d45fd9113.css?body=1" for 127.0.0.1 at 2016-11-14 18:48:10 -0300


Started GET "/assets/jquery_ujs.self-784a997f6726036b1993eb2217c9cb558e1cbb801c6da88105588c56f13b466a.js?body=1" for 127.0.0.1 at 2016-11-14 18:48:10 -0300


Started GET "/assets/application.self-3b8dabdc891efe46b9a144b400ad69e37d7e5876bdc39dee783419a69d7ca819.js?body=1" for 127.0.0.1 at 2016-11-14 18:48:10 -0300


Started GET "/assets/jquery.self-bd7ddd393353a8d2480a622e80342adf488fb6006d667e8b42e4c0073393abee.js?body=1" for 127.0.0.1 at 2016-11-14 18:48:10 -0300


Started GET "/assets/turbolinks.self-c5acd7a204f5f25ce7a1d8a0e4d92e28d34c9e2df2c7371cd7af88e147e4ad82.js?body=1" for 127.0.0.1 at 2016-11-14 18:48:10 -0300


Started GET "/" for 127.0.0.1 at 2016-11-14 18:48:14 -0300
Processing by Devise::RegistrationsController#new as HTML
  Rendered /Users/AEpnea/.rvm/gems/ruby-2.3.0/gems/devise-4.2.0/app/views/devise/shared/_links.html.erb (0.5ms)
  Rendered /Users/AEpnea/.rvm/gems/ruby-2.3.0/gems/devise-4.2.0/app/views/devise/registrations/new.html.erb within layouts/application (6.7ms)
Completed 200 OK in 32ms (Views: 31.1ms | ActiveRecord: 0.0ms)


Started GET "/" for 127.0.0.1 at 2016-11-14 18:48:14 -0300
Processing by Devise::RegistrationsController#new as HTML
  Rendered /Users/AEpnea/.rvm/gems/ruby-2.3.0/gems/devise-4.2.0/app/views/devise/shared/_links.html.erb (0.3ms)
  Rendered /Users/AEpnea/.rvm/gems/ruby-2.3.0/gems/devise-4.2.0/app/views/devise/registrations/new.html.erb within layouts/application (7.1ms)
Completed 200 OK in 38ms (Views: 36.4ms | ActiveRecord: 0.0ms)


Started GET "/users/sign_in" for 127.0.0.1 at 2016-11-14 18:48:20 -0300
Processing by Devise::SessionsController#new as HTML
  Rendered /Users/AEpnea/.rvm/gems/ruby-2.3.0/gems/devise-4.2.0/app/views/devise/shared/_links.html.erb (0.4ms)
  Rendered /Users/AEpnea/.rvm/gems/ruby-2.3.0/gems/devise-4.2.0/app/views/devise/sessions/new.html.erb within layouts/application (9.7ms)
Completed 200 OK in 38ms (Views: 36.9ms | ActiveRecord: 0.0ms)


Started GET "/" for 127.0.0.1 at 2016-11-14 18:49:05 -0300
Processing by Devise::SessionsController#new as HTML
  Rendered /Users/AEpnea/.rvm/gems/ruby-2.3.0/gems/devise-4.2.0/app/views/devise/shared/_links.html.erb (0.5ms)
  Rendered /Users/AEpnea/.rvm/gems/ruby-2.3.0/gems/devise-4.2.0/app/views/devise/sessions/new.html.erb within layouts/application (5.1ms)
Completed 200 OK in 41ms (Views: 27.5ms | ActiveRecord: 1.0ms)


Started GET "/assets/application.self-e80e8f2318043e8af94dddc2adad5a4f09739a8ebb323b3ab31cd71d45fd9113.css?body=1" for 127.0.0.1 at 2016-11-14 18:49:05 -0300


Started GET "/assets/application.self-3b8dabdc891efe46b9a144b400ad69e37d7e5876bdc39dee783419a69d7ca819.js?body=1" for 127.0.0.1 at 2016-11-14 18:49:05 -0300


Started GET "/assets/jquery_ujs.self-784a997f6726036b1993eb2217c9cb558e1cbb801c6da88105588c56f13b466a.js?body=1" for 127.0.0.1 at 2016-11-14 18:49:05 -0300


Started GET "/assets/jquery.self-bd7ddd393353a8d2480a622e80342adf488fb6006d667e8b42e4c0073393abee.js?body=1" for 127.0.0.1 at 2016-11-14 18:49:05 -0300


Started GET "/assets/turbolinks.self-c5acd7a204f5f25ce7a1d8a0e4d92e28d34c9e2df2c7371cd7af88e147e4ad82.js?body=1" for 127.0.0.1 at 2016-11-14 18:49:05 -0300


Started GET "/" for 127.0.0.1 at 2016-11-14 18:58:08 -0300
Processing by Devise::SessionsController#new as HTML
  Rendered /Users/AEpnea/.rvm/gems/ruby-2.3.0/gems/devise-4.2.0/app/views/devise/shared/_links.html.erb (0.3ms)
  Rendered /Users/AEpnea/.rvm/gems/ruby-2.3.0/gems/devise-4.2.0/app/views/devise/sessions/new.html.erb within layouts/application (5.0ms)
Completed 200 OK in 28ms (Views: 26.7ms | ActiveRecord: 0.0ms)


Started GET "/assets/jquery.self-bd7ddd393353a8d2480a622e80342adf488fb6006d667e8b42e4c0073393abee.js?body=1" for 127.0.0.1 at 2016-11-14 18:58:08 -0300


Started GET "/assets/application.self-3b8dabdc891efe46b9a144b400ad69e37d7e5876bdc39dee783419a69d7ca819.js?body=1" for 127.0.0.1 at 2016-11-14 18:58:08 -0300


Started GET "/users/sign_up" for 127.0.0.1 at 2016-11-14 19:03:18 -0300
Processing by Devise::RegistrationsController#new as HTML
  Rendered /Users/AEpnea/.rvm/gems/ruby-2.3.0/gems/devise-4.2.0/app/views/devise/shared/_links.html.erb (0.7ms)
  Rendered /Users/AEpnea/.rvm/gems/ruby-2.3.0/gems/devise-4.2.0/app/views/devise/registrations/new.html.erb within layouts/application (10.5ms)
Completed 200 OK in 40ms (Views: 38.3ms | ActiveRecord: 0.0ms)
  [1m[36m (26.2ms)[0m  [1mCREATE TABLE `schema_migrations` (`version` varchar(255) NOT NULL) ENGINE=InnoDB[0m
  [1m[35m (29.0ms)[0m  CREATE UNIQUE INDEX `unique_schema_migrations`  ON `schema_migrations` (`version`) 
  [1m[36mActiveRecord::SchemaMigration Load (0.3ms)[0m  [1mSELECT `schema_migrations`.* FROM `schema_migrations`[0m
Migrating to DeviseCreateUsers (20161114202632)
  [1m[35m (51.5ms)[0m  CREATE TABLE `users` (`id` int(11) auto_increment PRIMARY KEY, `email` varchar(255) DEFAULT '' NOT NULL, `encrypted_password` varchar(255) DEFAULT '' NOT NULL, `reset_password_token` varchar(255), `reset_password_sent_at` datetime, `remember_created_at` datetime, `sign_in_count` int(11) DEFAULT 0 NOT NULL, `current_sign_in_at` datetime, `last_sign_in_at` datetime, `current_sign_in_ip` varchar(255), `last_sign_in_ip` varchar(255), `created_at` datetime NOT NULL, `updated_at` datetime NOT NULL) ENGINE=InnoDB
  [1m[36m (6.3ms)[0m  [1mCREATE UNIQUE INDEX `index_users_on_email`  ON `users` (`email`) [0m
  [1m[35m (4.7ms)[0m  CREATE UNIQUE INDEX `index_users_on_reset_password_token`  ON `users` (`reset_password_token`) 
  [1m[36m (0.2ms)[0m  [1mBEGIN[0m
  [1m[35mSQL (0.3ms)[0m  INSERT INTO `schema_migrations` (`version`) VALUES ('20161114202632')
  [1m[36m (6.2ms)[0m  [1mCOMMIT[0m
Migrating to DeviseCreateAdmins (20161114202643)
  [1m[35m (29.5ms)[0m  CREATE TABLE `admins` (`id` int(11) auto_increment PRIMARY KEY, `email` varchar(255) DEFAULT '' NOT NULL, `encrypted_password` varchar(255) DEFAULT '' NOT NULL, `reset_password_token` varchar(255), `reset_password_sent_at` datetime, `remember_created_at` datetime, `sign_in_count` int(11) DEFAULT 0 NOT NULL, `current_sign_in_at` datetime, `last_sign_in_at` datetime, `current_sign_in_ip` varchar(255), `last_sign_in_ip` varchar(255), `created_at` datetime NOT NULL, `updated_at` datetime NOT NULL) ENGINE=InnoDB
  [1m[36m (7.1ms)[0m  [1mCREATE UNIQUE INDEX `index_admins_on_email`  ON `admins` (`email`) [0m
  [1m[35m (5.0ms)[0m  CREATE UNIQUE INDEX `index_admins_on_reset_password_token`  ON `admins` (`reset_password_token`) 
  [1m[36m (0.1ms)[0m  [1mBEGIN[0m
  [1m[35mSQL (0.2ms)[0m  INSERT INTO `schema_migrations` (`version`) VALUES ('20161114202643')
  [1m[36m (0.5ms)[0m  [1mCOMMIT[0m
Migrating to DeviseCreateAsociativeUsers (20161115175201)
  [1m[35m (29.8ms)[0m  CREATE TABLE `asociative_users` (`id` int(11) auto_increment PRIMARY KEY, `email` varchar(255) DEFAULT '' NOT NULL, `encrypted_password` varchar(255) DEFAULT '' NOT NULL, `reset_password_token` varchar(255), `reset_password_sent_at` datetime, `remember_created_at` datetime, `sign_in_count` int(11) DEFAULT 0 NOT NULL, `current_sign_in_at` datetime, `last_sign_in_at` datetime, `current_sign_in_ip` varchar(255), `last_sign_in_ip` varchar(255), `created_at` datetime NOT NULL, `updated_at` datetime NOT NULL) ENGINE=InnoDB
  [1m[36m (6.1ms)[0m  [1mCREATE UNIQUE INDEX `index_asociative_users_on_email`  ON `asociative_users` (`email`) [0m
  [1m[35m (5.8ms)[0m  CREATE UNIQUE INDEX `index_asociative_users_on_reset_password_token`  ON `asociative_users` (`reset_password_token`) 
  [1m[36m (0.2ms)[0m  [1mBEGIN[0m
  [1m[35mSQL (0.3ms)[0m  INSERT INTO `schema_migrations` (`version`) VALUES ('20161115175201')
  [1m[36m (0.5ms)[0m  [1mCOMMIT[0m
  [1m[35mActiveRecord::SchemaMigration Load (0.2ms)[0m  SELECT `schema_migrations`.* FROM `schema_migrations`
  [1m[36m (0.5ms)[0m  [1mSELECT fk.referenced_table_name as 'to_table'
      ,fk.referenced_column_name as 'primary_key'
      ,fk.column_name as 'column'
      ,fk.constraint_name as 'name'
FROM information_schema.key_column_usage fk
WHERE fk.referenced_column_name is not null
  AND fk.table_schema = 'pamma_dev'
  AND fk.table_name = 'admins'
[0m
  [1m[35m (0.3ms)[0m  SHOW CREATE TABLE `admins`
  [1m[36m (0.3ms)[0m  [1mSELECT fk.referenced_table_name as 'to_table'
      ,fk.referenced_column_name as 'primary_key'
      ,fk.column_name as 'column'
      ,fk.constraint_name as 'name'
FROM information_schema.key_column_usage fk
WHERE fk.referenced_column_name is not null
  AND fk.table_schema = 'pamma_dev'
  AND fk.table_name = 'asociative_users'
[0m
  [1m[35m (0.2ms)[0m  SHOW CREATE TABLE `asociative_users`
  [1m[36m (0.3ms)[0m  [1mSELECT fk.referenced_table_name as 'to_table'
      ,fk.referenced_column_name as 'primary_key'
      ,fk.column_name as 'column'
      ,fk.constraint_name as 'name'
FROM information_schema.key_column_usage fk
WHERE fk.referenced_column_name is not null
  AND fk.table_schema = 'pamma_dev'
  AND fk.table_name = 'users'
[0m
  [1m[35m (0.2ms)[0m  SHOW CREATE TABLE `users`
  [1m[36mActiveRecord::SchemaMigration Load (0.3ms)[0m  [1mSELECT `schema_migrations`.* FROM `schema_migrations`[0m
  [1m[36mActiveRecord::SchemaMigration Load (0.5ms)[0m  [1mSELECT `schema_migrations`.* FROM `schema_migrations`[0m
  [1m[36m (294.1ms)[0m  [1mCREATE TABLE `admins` (`id` int(11) auto_increment PRIMARY KEY, `email` varchar(255) DEFAULT '' NOT NULL, `encrypted_password` varchar(255) DEFAULT '' NOT NULL, `reset_password_token` varchar(255), `reset_password_sent_at` datetime, `remember_created_at` datetime, `sign_in_count` int(11) DEFAULT 0 NOT NULL, `current_sign_in_at` datetime, `last_sign_in_at` datetime, `current_sign_in_ip` varchar(255), `last_sign_in_ip` varchar(255), `created_at` datetime NOT NULL, `updated_at` datetime NOT NULL) ENGINE=InnoDB[0m
  [1m[35m (258.6ms)[0m  CREATE UNIQUE INDEX `index_admins_on_email` USING btree ON `admins` (`email`) 
  [1m[36m (106.0ms)[0m  [1mCREATE UNIQUE INDEX `index_admins_on_reset_password_token` USING btree ON `admins` (`reset_password_token`) [0m
  [1m[35m (167.5ms)[0m  CREATE TABLE `asociative_users` (`id` int(11) auto_increment PRIMARY KEY, `email` varchar(255) DEFAULT '' NOT NULL, `encrypted_password` varchar(255) DEFAULT '' NOT NULL, `reset_password_token` varchar(255), `reset_password_sent_at` datetime, `remember_created_at` datetime, `sign_in_count` int(11) DEFAULT 0 NOT NULL, `current_sign_in_at` datetime, `last_sign_in_at` datetime, `current_sign_in_ip` varchar(255), `last_sign_in_ip` varchar(255), `created_at` datetime NOT NULL, `updated_at` datetime NOT NULL) ENGINE=InnoDB
  [1m[36m (164.6ms)[0m  [1mCREATE UNIQUE INDEX `index_asociative_users_on_email` USING btree ON `asociative_users` (`email`) [0m
  [1m[35m (155.7ms)[0m  CREATE UNIQUE INDEX `index_asociative_users_on_reset_password_token` USING btree ON `asociative_users` (`reset_password_token`) 
  [1m[36m (184.5ms)[0m  [1mCREATE TABLE `users` (`id` int(11) auto_increment PRIMARY KEY, `email` varchar(255) DEFAULT '' NOT NULL, `encrypted_password` varchar(255) DEFAULT '' NOT NULL, `reset_password_token` varchar(255), `reset_password_sent_at` datetime, `remember_created_at` datetime, `sign_in_count` int(11) DEFAULT 0 NOT NULL, `current_sign_in_at` datetime, `last_sign_in_at` datetime, `current_sign_in_ip` varchar(255), `last_sign_in_ip` varchar(255), `created_at` datetime NOT NULL, `updated_at` datetime NOT NULL) ENGINE=InnoDB[0m
  [1m[35m (167.8ms)[0m  CREATE UNIQUE INDEX `index_users_on_email` USING btree ON `users` (`email`) 
  [1m[36m (146.2ms)[0m  [1mCREATE UNIQUE INDEX `index_users_on_reset_password_token` USING btree ON `users` (`reset_password_token`) [0m
  [1m[35m (115.0ms)[0m  CREATE TABLE `schema_migrations` (`version` varchar(255) NOT NULL) ENGINE=InnoDB
  [1m[36m (281.2ms)[0m  [1mCREATE UNIQUE INDEX `unique_schema_migrations`  ON `schema_migrations` (`version`) [0m
  [1m[35m (0.3ms)[0m  SELECT version FROM `schema_migrations`
  [1m[36m (0.6ms)[0m  [1mINSERT INTO `schema_migrations` (version) VALUES ('20161115175201')[0m
  [1m[35m (14.5ms)[0m  INSERT INTO `schema_migrations` (version) VALUES ('20161114202632')
  [1m[36m (0.7ms)[0m  [1mINSERT INTO `schema_migrations` (version) VALUES ('20161114202643')[0m
  [1m[35m (129.9ms)[0m  CREATE TABLE `admins` (`id` int(11) auto_increment PRIMARY KEY, `email` varchar(255) DEFAULT '' NOT NULL, `encrypted_password` varchar(255) DEFAULT '' NOT NULL, `reset_password_token` varchar(255), `reset_password_sent_at` datetime, `remember_created_at` datetime, `sign_in_count` int(11) DEFAULT 0 NOT NULL, `current_sign_in_at` datetime, `last_sign_in_at` datetime, `current_sign_in_ip` varchar(255), `last_sign_in_ip` varchar(255), `created_at` datetime NOT NULL, `updated_at` datetime NOT NULL) ENGINE=InnoDB
  [1m[36m (135.4ms)[0m  [1mCREATE UNIQUE INDEX `index_admins_on_email` USING btree ON `admins` (`email`) [0m
  [1m[35m (144.2ms)[0m  CREATE UNIQUE INDEX `index_admins_on_reset_password_token` USING btree ON `admins` (`reset_password_token`) 
  [1m[36m (167.2ms)[0m  [1mCREATE TABLE `asociative_users` (`id` int(11) auto_increment PRIMARY KEY, `email` varchar(255) DEFAULT '' NOT NULL, `encrypted_password` varchar(255) DEFAULT '' NOT NULL, `reset_password_token` varchar(255), `reset_password_sent_at` datetime, `remember_created_at` datetime, `sign_in_count` int(11) DEFAULT 0 NOT NULL, `current_sign_in_at` datetime, `last_sign_in_at` datetime, `current_sign_in_ip` varchar(255), `last_sign_in_ip` varchar(255), `created_at` datetime NOT NULL, `updated_at` datetime NOT NULL) ENGINE=InnoDB[0m
  [1m[35m (154.2ms)[0m  CREATE UNIQUE INDEX `index_asociative_users_on_email` USING btree ON `asociative_users` (`email`) 
  [1m[36m (144.3ms)[0m  [1mCREATE UNIQUE INDEX `index_asociative_users_on_reset_password_token` USING btree ON `asociative_users` (`reset_password_token`) [0m
  [1m[35m (167.0ms)[0m  CREATE TABLE `users` (`id` int(11) auto_increment PRIMARY KEY, `email` varchar(255) DEFAULT '' NOT NULL, `encrypted_password` varchar(255) DEFAULT '' NOT NULL, `reset_password_token` varchar(255), `reset_password_sent_at` datetime, `remember_created_at` datetime, `sign_in_count` int(11) DEFAULT 0 NOT NULL, `current_sign_in_at` datetime, `last_sign_in_at` datetime, `current_sign_in_ip` varchar(255), `last_sign_in_ip` varchar(255), `created_at` datetime NOT NULL, `updated_at` datetime NOT NULL) ENGINE=InnoDB
  [1m[36m (166.1ms)[0m  [1mCREATE UNIQUE INDEX `index_users_on_email` USING btree ON `users` (`email`) [0m
  [1m[35m (201.8ms)[0m  CREATE UNIQUE INDEX `index_users_on_reset_password_token` USING btree ON `users` (`reset_password_token`) 
  [1m[36m (206.7ms)[0m  [1mCREATE TABLE `schema_migrations` (`version` varchar(255) NOT NULL) ENGINE=InnoDB[0m
  [1m[35m (163.5ms)[0m  CREATE UNIQUE INDEX `unique_schema_migrations`  ON `schema_migrations` (`version`) 
  [1m[36m (0.3ms)[0m  [1mSELECT version FROM `schema_migrations`[0m
  [1m[35m (0.5ms)[0m  INSERT INTO `schema_migrations` (version) VALUES ('20161115175201')
  [1m[36m (0.4ms)[0m  [1mINSERT INTO `schema_migrations` (version) VALUES ('20161114202632')[0m
  [1m[35m (0.6ms)[0m  INSERT INTO `schema_migrations` (version) VALUES ('20161114202643')
  [1m[36mActiveRecord::SchemaMigration Load (0.3ms)[0m  [1mSELECT `schema_migrations`.* FROM `schema_migrations`[0m


Started GET "/" for ::1 at 2016-11-15 20:32:18 -0300
  [1m[36mActiveRecord::SchemaMigration Load (0.4ms)[0m  [1mSELECT `schema_migrations`.* FROM `schema_migrations`[0m
Processing by Devise::SessionsController#new as HTML
  Rendered /Users/oroborusm/.rvm/gems/ruby-2.3.0/gems/devise-4.2.0/app/views/devise/shared/_links.html.erb (1.8ms)
  Rendered /Users/oroborusm/.rvm/gems/ruby-2.3.0/gems/devise-4.2.0/app/views/devise/sessions/new.html.erb within layouts/application (285.5ms)
Completed 200 OK in 1166ms (Views: 1111.9ms | ActiveRecord: 1.2ms)


Started GET "/assets/application.self-e80e8f2318043e8af94dddc2adad5a4f09739a8ebb323b3ab31cd71d45fd9113.css?body=1" for ::1 at 2016-11-15 20:32:20 -0300


Started GET "/assets/jquery.self-bd7ddd393353a8d2480a622e80342adf488fb6006d667e8b42e4c0073393abee.js?body=1" for ::1 at 2016-11-15 20:32:20 -0300


Started GET "/assets/jquery_ujs.self-784a997f6726036b1993eb2217c9cb558e1cbb801c6da88105588c56f13b466a.js?body=1" for ::1 at 2016-11-15 20:32:20 -0300


Started GET "/assets/application.self-3b8dabdc891efe46b9a144b400ad69e37d7e5876bdc39dee783419a69d7ca819.js?body=1" for ::1 at 2016-11-15 20:32:20 -0300
